Time spent generating initial solution:       0.00019254
Total time spent:                            36.39863624
Total time spent on cplex:                   36.39815760
Total time spent on scip:                     0.00000009

HillClimbing:
Total runs:       466 0.0061
Good runs:        139 0.0017
Bad runs:         327 0.0044
Not unique runs:    0 0.0000

Simulated Annealing:
Total runs:       327 0.2559
Good runs:         59 0.0073
Bad runs:         267 0.2475
Not unique runs:    1 0.0011

Ant Colony Optimization:
Total runs:       268 0.5258
Good runs:         46 0.0972
Bad runs:           3 0.0043
Not unique runs:  219 0.4243

Tabu Search:
Total runs:       222 0.0397
Good runs:        177 0.0208
Bad runs:          18 0.0119
Not unique runs:   27 0.0070

Exact:
Total runs:        45 35.4678
Good runs:         30 22.6628
Bad runs:           1 0.9069
Not unique runs:   14 11.8980
