Time spent generating initial solution:       0.00031461
Total time spent:                            71.71793330
Total time spent on cplex:                   71.71707334
Total time spent on scip:                     0.00000009

HillClimbing:
Total runs:       694 0.0118
Good runs:        206 0.0032
Bad runs:         488 0.0086
Not unique runs:    0 0.0000

Simulated Annealing:
Total runs:       488 0.4352
Good runs:        102 0.0210
Bad runs:         384 0.4107
Not unique runs:    2 0.0035

Ant Colony Optimization:
Total runs:       386 0.8569
Good runs:         78 0.1685
Bad runs:           1 0.0017
Not unique runs:  307 0.6868

Tabu Search:
Total runs:       308 0.1027
Good runs:        237 0.0381
Bad runs:          56 0.0586
Not unique runs:   15 0.0060

Exact:
Total runs:        71 70.1197
Good runs:         57 50.3964
Bad runs:           1 1.9691
Not unique runs:   13 17.7542
