Time spent generating initial solution:       0.00030366
Total time spent:                            61.34857175
Total time spent on cplex:                   61.34780233
Total time spent on scip:                     0.00000010

HillClimbing:
Total runs:       700 0.0121
Good runs:        206 0.0032
Bad runs:         494 0.0089
Not unique runs:    0 0.0000

Simulated Annealing:
Total runs:       494 0.5150
Good runs:         91 0.0190
Bad runs:         403 0.4960
Not unique runs:    0 0.0000

Ant Colony Optimization:
Total runs:       403 0.9670
Good runs:         78 0.1772
Bad runs:           2 0.0037
Not unique runs:  323 0.7860

Tabu Search:
Total runs:       325 0.0948
Good runs:        269 0.0448
Bad runs:          42 0.0442
Not unique runs:   14 0.0058

Exact:
Total runs:        56 59.5518
Good runs:         52 54.4754
Bad runs:           1 1.9012
Not unique runs:    3 3.1752
