Time spent generating initial solution:       0.00082070
Total time spent:                           369.94521325
Total time spent on cplex:                  369.94315342
Total time spent on scip:                     0.00000008

HillClimbing:
Total runs:      1210 0.0401
Good runs:        317 0.0092
Bad runs:         893 0.0309
Not unique runs:    0 0.0000

Simulated Annealing:
Total runs:       893 1.8251
Good runs:        178 0.0760
Bad runs:         715 1.7492
Not unique runs:    0 0.0000

Ant Colony Optimization:
Total runs:       715 2.4345
Good runs:        123 0.4048
Bad runs:          17 0.0419
Not unique runs:  575 1.9879

Tabu Search:
Total runs:       592 0.3762
Good runs:        465 0.1334
Bad runs:         112 0.2327
Not unique runs:   15 0.0101

Exact:
Total runs:       127 364.7604
Good runs:        104 264.6114
Bad runs:           1 8.0636
Not unique runs:   22 92.0854
