Time spent generating initial solution:       0.00072408
Total time spent:                          3312.02792420
Total time spent on cplex:                 3312.02618178
Total time spent on scip:                     0.00000010

HillClimbing:
Total runs:      1234 0.0437
Good runs:        317 0.0102
Bad runs:         917 0.0334
Not unique runs:    0 0.0000

Simulated Annealing:
Total runs:       917 2.7935
Good runs:        116 0.0457
Bad runs:         801 2.7478
Not unique runs:    0 0.0000

Ant Colony Optimization:
Total runs:       801 2.7056
Good runs:        122 0.4004
Bad runs:          14 0.0345
Not unique runs:  665 2.2706

Tabu Search:
Total runs:       679 0.4429
Good runs:        535 0.1722
Bad runs:         120 0.2513
Not unique runs:   24 0.0195

Exact:
Total runs:       144 3305.4634
Good runs:        125 2881.7224
Bad runs:           1 26.5483
Not unique runs:   18 397.1927
