Time spent generating initial solution:       0.04070881
Total time spent:                             0.61536197
Total time spent on cplex:                    0.57456132
Total time spent on scip:                     0.00000008

HillClimbing:
Total runs:        65 0.0003
Good runs:         22 0.0001
Bad runs:          43 0.0002
Not unique runs:    0 0.0000

Simulated Annealing:
Total runs:        43 0.0042
Good runs:         22 0.0010
Bad runs:          20 0.0029
Not unique runs:    1 0.0003

Ant Colony Optimization:
Total runs:        21 0.0266
Good runs:          8 0.0097
Bad runs:           0 0.0000
Not unique runs:   13 0.0169

Tabu Search:
Total runs:        13 0.0011
Good runs:          5 0.0001
Bad runs:           2 0.0005
Not unique runs:    6 0.0004

Exact:
Total runs:         8 0.5350
Good runs:          5 0.3126
Bad runs:           1 0.0854
Not unique runs:    2 0.1370
